# JRE version: Java(TM) SE Runtime Environment (8.0_201-b09) (build 1.8.0_201-b09)
# Java VM: Java HotSpot(TM) 64-Bit Server VM (25.201-b09 mixed mode bsd-amd64 compressed oops)
Heap:
 PSYoungGen      total 327168K, used 105505K [0x00000007aab00000, 0x00000007c0000000, 0x00000007c0000000)
  eden space 308224K, 29% used [0x00000007aab00000,0x00000007b05239c8,0x00000007bd800000)
  from space 18944K, 69% used [0x00000007bed80000,0x00000007bfa64c58,0x00000007c0000000)
  to   space 20480K, 0% used [0x00000007bd800000,0x00000007bd800000,0x00000007bec00000)
 ParOldGen       total 128512K, used 61350K [0x0000000780000000, 0x0000000787d80000, 0x00000007aab00000)
  object space 128512K, 47% used [0x0000000780000000,0x0000000783be9a20,0x0000000787d80000)
 Metaspace       used 81999K, capacity 83012K, committed 83416K, reserved 1120256K
  class space    used 11892K, capacity 12198K, committed 12288K, reserved 1048576K
GC Heap History (10 events):
Event: 5404.621 GC heap before
{Heap before GC invocations=52 (full 6):
 PSYoungGen      total 332288K, used 609K [0x00000007aab00000, 0x00000007bfe00000, 0x00000007c0000000)
  eden space 318464K, 0% used [0x00000007aab00000,0x00000007aab00000,0x00000007be200000)
  from space 13824K, 4% used [0x00000007bf080000,0x00000007bf1186b0,0x00000007bfe00000)
  to   space 14336K, 0% used [0x00000007be200000,0x00000007be200000,0x00000007bf000000)
 ParOldGen       total 128512K, used 38985K [0x0000000780000000, 0x0000000787d80000, 0x00000007aab00000)
  object space 128512K, 30% used [0x0000000780000000,0x00000007826124b0,0x0000000787d80000)
 Metaspace       used 79476K, capacity 80508K, committed 80600K, reserved 1118208K
  class space    used 11707K, capacity 11991K, committed 12032K, reserved 1048576K
Event: 5405.025 GC heap after
Heap after GC invocations=52 (full 6):
 PSYoungGen      total 332288K, used 0K [0x00000007aab00000, 0x00000007bfe00000, 0x00000007c0000000)
  eden space 318464K, 0% used [0x00000007aab00000,0x00000007aab00000,0x00000007be200000)
  from space 13824K, 0% used [0x00000007bf080000,0x00000007bf080000,0x00000007bfe00000)
  to   space 14336K, 0% used [0x00000007be200000,0x00000007be200000,0x00000007bf000000)
 ParOldGen       total 128512K, used 36596K [0x0000000780000000, 0x0000000787d80000, 0x00000007aab00000)
  object space 128512K, 28% used [0x0000000780000000,0x00000007823bd358,0x0000000787d80000)
 Metaspace       used 79055K, capacity 79818K, committed 80600K, reserved 1118208K
  class space    used 11643K, capacity 11876K, committed 12032K, reserved 1048576K
}
Event: 5547.060 GC heap before
{Heap before GC invocations=53 (full 6):
 PSYoungGen      total 332288K, used 318464K [0x00000007aab00000, 0x00000007bfe00000, 0x00000007c0000000)
  eden space 318464K, 100% used [0x00000007aab00000,0x00000007be200000,0x00000007be200000)
  from space 13824K, 0% used [0x00000007bf080000,0x00000007bf080000,0x00000007bfe00000)
  to   space 14336K, 0% used [0x00000007be200000,0x00000007be200000,0x00000007bf000000)
 ParOldGen       total 128512K, used 36596K [0x0000000780000000, 0x0000000787d80000, 0x00000007aab00000)
  object space 128512K, 28% used [0x0000000780000000,0x00000007823bd358,0x0000000787d80000)
 Metaspace       used 80238K, capacity 81180K, committed 81752K, reserved 1118208K
  class space    used 11780K, capacity 12078K, committed 12160K, reserved 1048576K
Event: 5547.081 GC heap after
Heap after GC invocations=53 (full 6):
 PSYoungGen      total 332800K, used 14312K [0x00000007aab00000, 0x00000007c0000000, 0x00000007c0000000)
  eden space 318464K, 0% used [0x00000007aab00000,0x00000007aab00000,0x00000007be200000)
  from space 14336K, 99% used [0x00000007be200000,0x00000007beffa0b0,0x00000007bf000000)
  to   space 16384K, 0% used [0x00000007bf000000,0x00000007bf000000,0x00000007c0000000)
 ParOldGen       total 128512K, used 38629K [0x0000000780000000, 0x0000000787d80000, 0x00000007aab00000)
  object space 128512K, 30% used [0x0000000780000000,0x00000007825b9738,0x0000000787d80000)
 Metaspace       used 80238K, capacity 81180K, committed 81752K, reserved 1118208K
  class space    used 11780K, capacity 12078K, committed 12160K, reserved 1048576K
}
Event: 5548.223 GC heap before
{Heap before GC invocations=54 (full 6):
 PSYoungGen      total 332800K, used 332776K [0x00000007aab00000, 0x00000007c0000000, 0x00000007c0000000)
  eden space 318464K, 100% used [0x00000007aab00000,0x00000007be200000,0x00000007be200000)
  from space 14336K, 99% used [0x00000007be200000,0x00000007beffa0b0,0x00000007bf000000)
  to   space 16384K, 0% used [0x00000007bf000000,0x00000007bf000000,0x00000007c0000000)
 ParOldGen       total 128512K, used 38629K [0x0000000780000000, 0x0000000787d80000, 0x00000007aab00000)
  object space 128512K, 30% used [0x0000000780000000,0x00000007825b9738,0x0000000787d80000)
 Metaspace       used 80664K, capacity 81568K, committed 82008K, reserved 1120256K
  class space    used 11781K, capacity 12078K, committed 12160K, reserved 1048576K
Event: 5548.253 GC heap after
Heap after GC invocations=54 (full 6):
 PSYoungGen      total 324608K, used 14464K [0x00000007aab00000, 0x00000007c0000000, 0x00000007c0000000)
  eden space 308224K, 0% used [0x00000007aab00000,0x00000007aab00000,0x00000007bd800000)
  from space 16384K, 88% used [0x00000007bf000000,0x00000007bfe20070,0x00000007c0000000)
  to   space 20480K, 0% used [0x00000007bd800000,0x00000007bd800000,0x00000007bec00000)
 ParOldGen       total 128512K, used 48110K [0x0000000780000000, 0x0000000787d80000, 0x00000007aab00000)
  object space 128512K, 37% used [0x0000000780000000,0x0000000782efb9f0,0x0000000787d80000)
 Metaspace       used 80664K, capacity 81568K, committed 82008K, reserved 1120256K
  class space    used 11781K, capacity 12078K, committed 12160K, reserved 1048576K
}
Event: 5600.571 GC heap before
{Heap before GC invocations=55 (full 6):
 PSYoungGen      total 324608K, used 322688K [0x00000007aab00000, 0x00000007c0000000, 0x00000007c0000000)
  eden space 308224K, 100% used [0x00000007aab00000,0x00000007bd800000,0x00000007bd800000)
  from space 16384K, 88% used [0x00000007bf000000,0x00000007bfe20070,0x00000007c0000000)
  to   space 20480K, 0% used [0x00000007bd800000,0x00000007bd800000,0x00000007bec00000)
 ParOldGen       total 128512K, used 48110K [0x0000000780000000, 0x0000000787d80000, 0x00000007aab00000)
  object space 128512K, 37% used [0x0000000780000000,0x0000000782efb9f0,0x0000000787d80000)
 Metaspace       used 81594K, capacity 82630K, committed 83160K, reserved 1120256K
  class space    used 11874K, capacity 12169K, committed 12288K, reserved 1048576K
Event: 5600.588 GC heap after
Heap after GC invocations=55 (full 6):
 PSYoungGen      total 328704K, used 5825K [0x00000007aab00000, 0x00000007c0000000, 0x00000007c0000000)
  eden space 308224K, 0% used [0x00000007aab00000,0x00000007aab00000,0x00000007bd800000)
  from space 20480K, 28% used [0x00000007bd800000,0x00000007bddb04f8,0x00000007bec00000)
  to   space 18944K, 0% used [0x00000007bed80000,0x00000007bed80000,0x00000007c0000000)
 ParOldGen       total 128512K, used 61342K [0x0000000780000000, 0x0000000787d80000, 0x00000007aab00000)
  object space 128512K, 47% used [0x0000000780000000,0x0000000783be7a20,0x0000000787d80000)
 Metaspace       used 81594K, capacity 82630K, committed 83160K, reserved 1120256K
  class space    used 11874K, capacity 12169K, committed 12288K, reserved 1048576K
}
Event: 5651.758 GC heap before
{Heap before GC invocations=56 (full 6):
 PSYoungGen      total 328704K, used 314049K [0x00000007aab00000, 0x00000007c0000000, 0x00000007c0000000)
  eden space 308224K, 100% used [0x00000007aab00000,0x00000007bd800000,0x00000007bd800000)
  from space 20480K, 28% used [0x00000007bd800000,0x00000007bddb04f8,0x00000007bec00000)
  to   space 18944K, 0% used [0x00000007bed80000,0x00000007bed80000,0x00000007c0000000)
 ParOldGen       total 128512K, used 61342K [0x0000000780000000, 0x0000000787d80000, 0x00000007aab00000)
  object space 128512K, 47% used [0x0000000780000000,0x0000000783be7a20,0x0000000787d80000)
 Metaspace       used 81911K, capacity 82924K, committed 83160K, reserved 1120256K
  class space    used 11888K, capacity 12192K, committed 12288K, reserved 1048576K
Event: 5651.767 GC heap after
Heap after GC invocations=56 (full 6):
 PSYoungGen      total 327168K, used 13203K [0x00000007aab00000, 0x00000007c0000000, 0x00000007c0000000)
  eden space 308224K, 0% used [0x00000007aab00000,0x00000007aab00000,0x00000007bd800000)
  from space 18944K, 69% used [0x00000007bed80000,0x00000007bfa64c58,0x00000007c0000000)
  to   space 20480K, 0% used [0x00000007bd800000,0x00000007bd800000,0x00000007bec00000)
 ParOldGen       total 128512K, used 61350K [0x0000000780000000, 0x0000000787d80000, 0x00000007aab00000)
  object space 128512K, 47% used [0x0000000780000000,0x0000000783be9a20,0x0000000787d80000)
 Metaspace       used 81911K, capacity 82924K, committed 83160K, reserved 1120256K
  class space    used 11888K, capacity 12192K, committed 12288K, reserved 1048576K
}

